TN:
SF:/src/Lottery.sol
DA:5,102
DA:9,0
DA:10,0
DA:15,0
DA:16,0
DA:17,0
DA:18,0
DA:19,55
DA:23,31
DA:24,6
DA:25,6
DA:26,6
DA:27,6
DA:31,8
DA:32,10
DA:33,18
DA:34,6
DA:35,15
DA:36,15
DA:41,22
DA:42,36
DA:43,25
DA:45,24
DA:46,23
DA:51,22
DA:52,11
DA:53,55
DA:55,17
DA:56,53
DA:59,50
DA:60,23
DA:65,8
DA:66,11
DA:68,12
DA:69,4
DA:70,26
DA:71,53
DA:74,81
DA:78,6
DA:79,6
DA:80,6
DA:81,8
DA:85,0
DA:86,0
end_of_record

SF:/src/Taxpayer.sol
DA:6,141
DA:7,25
DA:11,54
DA:20,3
DA:23,2
DA:30,25
DA:32,0
DA:36,26
DA:38,1
DA:41,3
DA:42,5
DA:45,1
DA:49,32
DA:50,6
DA:51,21
DA:52,21
DA:53,21
DA:54,21
DA:55,6
DA:56,5
DA:57,21
DA:65,25
DA:66,18
DA:67,15
DA:69,4
DA:70,3
DA:71,130
DA:75,21
DA:76,21
DA:77,52
DA:84,10
DA:85,14
DA:87,14
DA:88,21
DA:89,21
DA:92,11
DA:93,4
DA:95,4
DA:98,45
DA:106,22
DA:107,34
DA:108,26
DA:109,28
DA:111,19
DA:112,62
DA:120,22
DA:121,14
DA:122,20
DA:123,19
DA:126,8
DA:127,18
DA:129,19
DA:130,4
DA:134,3
DA:135,6
DA:138,0
DA:139,0
DA:142,3
DA:143,14
DA:146,8
DA:147,3
DA:148,28
DA:151,18
DA:152,4
DA:155,3
DA:156,13
DA:157,21
DA:158,10
DA:161,4
DA:162,13
DA:165,24
DA:166,13
DA:169,24
DA:170,13
DA:173,24
DA:174,4
DA:176,64
DA:177,4
DA:179,0
DA:182,87
DA:183,6
DA:184,38
DA:186,24
DA:187,4
DA:188,59
DA:189,6
DA:200,7
DA:201,4
DA:202,27
DA:203,6
DA:204,7
DA:205,6
DA:206,6
DA:208,5
DA:212,63
DA:213,4
DA:215,0
end_of_record

SF:/src/echidna.sol
DA:7,309
DA:8,34
DA:10,28
DA:11,85
DA:13,9
DA:14,52
DA:23,0
DA:24,0
DA:31,0
DA:32,0
DA:33,0
DA:34,0
DA:35,0
DA:36,0
DA:39,0
DA:42,0
DA:48,0
DA:49,0
DA:64,8
DA:65,15
DA:68,8
DA:69,4
DA:77,0
DA:78,0
DA:79,0
DA:81,0
DA:87,0
DA:88,0
DA:89,0
DA:91,0
DA:97,0
DA:100,0
DA:102,0
DA:108,0
DA:109,0
DA:110,0
DA:111,0
DA:112,0
DA:113,0
DA:114,0
DA:116,0
DA:124,0
DA:125,0
DA:126,0
DA:128,0
DA:134,0
DA:137,0
DA:139,0
DA:140,0
DA:141,0
DA:142,0
DA:143,0
DA:146,0
DA:152,8
DA:153,22
DA:154,4
DA:161,8
DA:162,22
DA:163,52
DA:172,8
DA:173,63
DA:179,22
DA:180,16
DA:187,8
DA:188,17
DA:194,22
DA:195,82
DA:201,8
DA:202,150
DA:208,8
DA:209,63
DA:216,0
DA:217,0
DA:218,0
DA:219,0
DA:220,0
DA:221,0
DA:223,0
DA:226,0
DA:233,0
DA:234,0
DA:235,0
DA:236,0
DA:237,0
DA:240,0
DA:248,0
DA:249,0
DA:250,0
DA:253,0
DA:254,0
DA:256,0
DA:258,0
end_of_record

